
SQL*Loader: Release 11.2.0.2.0 - Production on Mié Oct 7 15:02:49 2020

Copyright (c) 1982, 2009, Oracle and/or its affiliates.  All rights reserved.

Control File:   CTL_FACTURA.CTL
Data File:      Factura.csv
  Bad File:     Factura.bad
  Discard File:  none specified
 
 (Allow all discards)

Number to load: ALL
Number to skip: 1
Errors allowed: 50
Bind array:     64 rows, maximum of 256000 bytes
Continuation:    none specified
Path used:      Conventional

Table FACT_FACTURA, loaded from every logical record.
Insert option in effect for this table: TRUNCATE
TRAILING NULLCOLS option in effect

   Column Name                  Position   Len  Term Encl Datatype
------------------------------ ---------- ----- ---- ---- ---------------------
FACTURA                             FIRST     *   ,       CHARACTER            
FECHA                                NEXT     *   ,       CHARACTER            
CODIGOPAIS                           NEXT     *   ,       CHARACTER            
CODIGODISTRIBUIDOR                   NEXT     *   ,       CHARACTER            
CODIGOOPERADOR                       NEXT     *   ,       CHARACTER            
CODIGOMODELO                         NEXT     *   ,       CHARACTER            
CANTIDAD                             NEXT     *   ,       CHARACTER            
PRECIO                               NEXT     *   ,       CHARACTER            
VENTA                                NEXT     *   ,       CHARACTER            
OBJETIVO                             NEXT     *   ,       CHARACTER            
KPI_VENTA                            NEXT     *   ,       CHARACTER            


Table FACT_FACTURA:
  1499 Rows successfully loaded.
  0 Rows not loaded due to data errors.
  0 Rows not loaded because all WHEN clauses were failed.
  0 Rows not loaded because all fields were null.


Space allocated for bind array:                 181632 bytes(64 rows)
Read   buffer bytes: 1048576

Total logical records skipped:          1
Total logical records read:          1499
Total logical records rejected:         0
Total logical records discarded:        0

Run began on Mié Oct 07 15:02:49 2020
Run ended on Mié Oct 07 15:02:49 2020

Elapsed time was:     00:00:00.22
CPU time was:         00:00:00.09
